Using pre-set license
Built from '2020.3/staging' branch; Version is '2020.3.5f1 (8095aa901b9b) revision 8426922'; Using compiler version '192528614'; Build Type 'Release'
OS: 'Windows 10 Pro; OS build 19041.928; Version 2004; 64bit' Language: 'en' Physical Memory: 8066 MB
BatchMode: 1, IsHumanControllingUs: 0, StartBugReporterOnCrash: 0, Is64bit: 1, IsPro: 0

 COMMAND LINE ARGUMENTS:
C:\Users\User\OneDrive - The University of Nottingham\MSc Computer Science\Spring\Games\Unity\2019.4.18f1\Editor\Unity.exe
-adb2
-batchMode
-noUpm
-name
AssetImportWorker0
-projectPath
C:/Users/User/OneDrive - The University of Nottingham/MSc Computer Science/Spring/Games/Unity/2D Platformer
-logFile
Logs/AssetImportWorker0.log
-srvPort
51040
Successfully changed project path to: C:/Users/User/OneDrive - The University of Nottingham/MSc Computer Science/Spring/Games/Unity/2D Platformer
C:/Users/User/OneDrive - The University of Nottingham/MSc Computer Science/Spring/Games/Unity/2D Platformer
Using Asset Import Pipeline V2.
Refreshing native plugins compatible for Editor in 70.61 ms, found 1 plugins.
Preloading 0 native plugins for Editor in 0.00 ms.
Initialize engine version: 2020.3.5f1 (8095aa901b9b)
[Subsystems] Discovering subsystems at path C:/Users/User/OneDrive - The University of Nottingham/MSc Computer Science/Spring/Games/Unity/2019.4.18f1/Editor/Data/Resources/UnitySubsystems
[Subsystems] Discovering subsystems at path C:/Users/User/OneDrive - The University of Nottingham/MSc Computer Science/Spring/Games/Unity/2D Platformer/Assets
GfxDevice: creating device client; threaded=0
Direct3D:
    Version:  Direct3D 11.0 [level 11.0]
    Renderer: Intel(R) HD Graphics (ID=0x152)
    Vendor:   
    VRAM:     128 MB
    Driver:   10.18.10.5129
Initialize mono
Mono path[0] = 'C:/Users/User/OneDrive - The University of Nottingham/MSc Computer Science/Spring/Games/Unity/2019.4.18f1/Editor/Data/Managed'
Mono path[1] = 'C:/Users/User/OneDrive - The University of Nottingham/MSc Computer Science/Spring/Games/Unity/2019.4.18f1/Editor/Data/MonoBleedingEdge/lib/mono/unityjit'
Mono config path = 'C:/Users/User/OneDrive - The University of Nottingham/MSc Computer Science/Spring/Games/Unity/2019.4.18f1/Editor/Data/MonoBleedingEdge/etc'
Using monoOptions --debugger-agent=transport=dt_socket,embedding=1,server=y,suspend=n,address=127.0.0.1:56944
Begin MonoManager ReloadAssembly
Error scanning for extension ivy.xml files: System.IO.IOException: Error 4393
  at System.IO.__Error.WinIOError (System.Int32 errorCode, System.String maybeFullPath) [0x00219] in <695d1cc93cca45069c528c15c9fdd749>:0 
  at System.IO.FileSystemEnumerableIterator`1[TSource].HandleError (System.Int32 hr, System.String path) [0x00006] in <695d1cc93cca45069c528c15c9fdd749>:0 
  at System.IO.FileSystemEnumerableIterator`1[TSource].AddSearchableDirsToStack (System.IO.Directory+SearchData localSearchData) [0x00053] in <695d1cc93cca45069c528c15c9fdd749>:0 
  at System.IO.FileSystemEnumerableIterator`1[TSource].MoveNext () [0x0008e] in <695d1cc93cca45069c528c15c9fdd749>:0 
  at System.Collections.Generic.List`1[T]..ctor (System.Collections.Generic.IEnumerable`1[T] collection) [0x00077] in <695d1cc93cca45069c528c15c9fdd749>:0 
  at System.IO.Directory.InternalGetFileDirectoryNames (System.String path, System.String userPathOriginal, System.String searchPattern, System.Boolean includeFiles, System.Boolean includeDirs, System.IO.SearchOption searchOption, System.Boolean checkHost) [0x0000f] in <695d1cc93cca45069c528c15c9fdd749>:0 
  at System.IO.Directory.InternalGetFiles (System.String path, System.String searchPattern, System.IO.SearchOption searchOption) [0x00000] in <695d1cc93cca45069c528c15c9fdd749>:0 
  at System.IO.Directory.GetFiles (System.String path, System.String searchPattern, System.IO.SearchOption searchOption) [0x00038] in <695d1cc93cca45069c528c15c9fdd749>:0 
  at UnityEditor.Modules.ModuleManager.LoadLegacyExtensionsFromIvyFiles () [0x000a5] in <411aa9fd83b6416fab626ca292954771>:0 
Registering precompiled unity dll's ...
Register platform support module: C:/Users/User/OneDrive - The University of Nottingham/MSc Computer Science/Spring/Games/Unity/2019.4.18f1/Editor/Data/PlaybackEngines/WindowsStandaloneSupport/UnityEditor.WindowsStandalone.Extensions.dll
Registered in 0.007819 seconds.
Native extension for WindowsStandalone target not found
Refreshing native plugins compatible for Editor in 76.78 ms, found 1 plugins.
Preloading 0 native plugins for Editor in 0.00 ms.
Mono: successfully reloaded assembly
- Completed reload, in  2.487 seconds
Platform modules already initialized, skipping
Registering precompiled user dll's ...
Registered in 0.004283 seconds.
Begin MonoManager ReloadAssembly
Native extension for WindowsStandalone target not found
Refreshing native plugins compatible for Editor in 65.10 ms, found 1 plugins.
Preloading 0 native plugins for Editor in 0.00 ms.
Mono: successfully reloaded assembly
- Completed reload, in  1.712 seconds
Platform modules already initialized, skipping
========================================================================
Worker process is ready to serve import requests
Launched and connected shader compiler UnityShaderCompiler.exe after 0.07 seconds
Refreshing native plugins compatible for Editor in 0.66 ms, found 1 plugins.
Preloading 0 native plugins for Editor in 0.00 ms.
Unloading 1957 Unused Serialized files (Serialized files now loaded: 0)
System memory in use before: 93.5 MB.
System memory in use after: 93.6 MB.

Unloading 20 unused Assets to reduce memory usage. Loaded Objects now: 2404.
Total: 5.085000 ms (FindLiveObjects: 0.416000 ms CreateObjectMapping: 0.419000 ms MarkObjects: 4.125800 ms  DeleteObjects: 0.121500 ms)

========================================================================
Received Import Request.
  path: Assets/middle.png
  artifactKey: Guid(de41d366c687a46beb6a9acaa88c12db) Importer(815301076,1909f56bfc062723c751e8b465ee728b)
Start importing Assets/middle.png using Guid(de41d366c687a46beb6a9acaa88c12db) Importer(815301076,1909f56bfc062723c751e8b465ee728b)  -> (artifact id: 'ef5bc4ec0952019b12cf3ee6fabc0001') in 0.245147 seconds
  Import took 0.250993 seconds .

========================================================================
Received Import Request.
  Time since last request: 0.000250 seconds.
  path: Assets/Slippery.physicsMaterial2D
  artifactKey: Guid(aaf33a430daf74a869335651d7a6f734) Importer(815301076,1909f56bfc062723c751e8b465ee728b)
Start importing Assets/Slippery.physicsMaterial2D using Guid(aaf33a430daf74a869335651d7a6f734) Importer(815301076,1909f56bfc062723c751e8b465ee728b)  -> (artifact id: '97d16830b63f79601e1d657c408a4b21') in 0.030012 seconds
  Import took 0.036114 seconds .

========================================================================
Received Import Request.
  Time since last request: 0.000340 seconds.
  path: Assets/back.png
  artifactKey: Guid(8e160a2a620644cd6afef9119dad1093) Importer(815301076,1909f56bfc062723c751e8b465ee728b)
Start importing Assets/back.png using Guid(8e160a2a620644cd6afef9119dad1093) Importer(815301076,1909f56bfc062723c751e8b465ee728b)  -> (artifact id: 'd78c6547e3b5c099d607c3b014c2683c') in 0.053867 seconds
  Import took 0.058508 seconds .

========================================================================
Received Import Request.
  Time since last request: 0.000926 seconds.
  path: Assets/back.prefab
  artifactKey: Guid(a3626441dc6e6407e956d5deb8d41895) Importer(815301076,1909f56bfc062723c751e8b465ee728b)
Start importing Assets/back.prefab using Guid(a3626441dc6e6407e956d5deb8d41895) Importer(815301076,1909f56bfc062723c751e8b465ee728b)  -> (artifact id: '17d9014d3636df45a09712a5bbe71112') in 0.071742 seconds
  Import took 0.083166 seconds .

========================================================================
Received Import Request.
  Time since last request: 0.000287 seconds.
  path: Assets/Spike.prefab
  artifactKey: Guid(4d37b13fb1e1d42fbb53450febe18eac) Importer(815301076,1909f56bfc062723c751e8b465ee728b)
Start importing Assets/Spike.prefab using Guid(4d37b13fb1e1d42fbb53450febe18eac) Importer(815301076,1909f56bfc062723c751e8b465ee728b)  -> (artifact id: 'f6054126ab163810c97c026142de1f85') in 0.042128 seconds
  Import took 0.046671 seconds .

========================================================================
Received Import Request.
  Time since last request: 19458.071493 seconds.
  path: Assets/Rat.cs
  artifactKey: Guid(5ed57a7a278ae4b2bbf6723f4e432e87) Importer(815301076,1909f56bfc062723c751e8b465ee728b)
Start importing Assets/Rat.cs using Guid(5ed57a7a278ae4b2bbf6723f4e432e87) Importer(815301076,1909f56bfc062723c751e8b465ee728b)  -> (artifact id: '5ad1a0f074b52eb9e76cde4e5470e4d7') in 0.094014 seconds
  Import took 0.258385 seconds .

========================================================================
Received Prepare
Registering precompiled user dll's ...
Registered in 0.006100 seconds.
Begin MonoManager ReloadAssembly
Native extension for WindowsStandalone target not found
Refreshing native plugins compatible for Editor in 0.92 ms, found 1 plugins.
Preloading 0 native plugins for Editor in 0.00 ms.
Mono: successfully reloaded assembly
- Completed reload, in  1.972 seconds
Platform modules already initialized, skipping
Refreshing native plugins compatible for Editor in 0.68 ms, found 1 plugins.
Preloading 0 native plugins for Editor in 0.00 ms.
Unloading 1931 Unused Serialized files (Serialized files now loaded: 0)
System memory in use before: 94.6 MB.
System memory in use after: 94.7 MB.

Unloading 9 unused Assets to reduce memory usage. Loaded Objects now: 2419.
Total: 8.835700 ms (FindLiveObjects: 1.233200 ms CreateObjectMapping: 0.233100 ms MarkObjects: 7.342200 ms  DeleteObjects: 0.025300 ms)

========================================================================
Received Prepare
Registering precompiled user dll's ...
Registered in 0.003051 seconds.
Begin MonoManager ReloadAssembly
Native extension for WindowsStandalone target not found
Refreshing native plugins compatible for Editor in 0.74 ms, found 1 plugins.
Preloading 0 native plugins for Editor in 0.00 ms.
Mono: successfully reloaded assembly
- Completed reload, in  2.038 seconds
Platform modules already initialized, skipping
Refreshing native plugins compatible for Editor in 0.61 ms, found 1 plugins.
Preloading 0 native plugins for Editor in 0.00 ms.
Unloading 1893 Unused Serialized files (Serialized files now loaded: 0)
System memory in use before: 93.8 MB.
System memory in use after: 93.9 MB.

Unloading 9 unused Assets to reduce memory usage. Loaded Objects now: 2422.
Total: 7.155600 ms (FindLiveObjects: 0.535500 ms CreateObjectMapping: 0.084000 ms MarkObjects: 6.511000 ms  DeleteObjects: 0.022300 ms)

========================================================================
Received Import Request.
  Time since last request: 72215.887339 seconds.
  path: ProjectSettings/TagManager.asset
  artifactKey: Guid(00000000000000003000000000000000) Importer(815301076,1909f56bfc062723c751e8b465ee728b)
Start importing ProjectSettings/TagManager.asset using Guid(00000000000000003000000000000000) Importer(815301076,1909f56bfc062723c751e8b465ee728b)  -> (artifact id: 'd7046d952d19447770a604123bd018a1') in 0.060152 seconds
  Import took 0.069654 seconds .

========================================================================
Received Prepare
Registering precompiled user dll's ...
Registered in 0.060217 seconds.
Begin MonoManager ReloadAssembly
Native extension for WindowsStandalone target not found
Refreshing native plugins compatible for Editor in 0.59 ms, found 1 plugins.
Preloading 0 native plugins for Editor in 0.00 ms.
Mono: successfully reloaded assembly
- Completed reload, in  1.447 seconds
Platform modules already initialized, skipping
Refreshing native plugins compatible for Editor in 0.60 ms, found 1 plugins.
Preloading 0 native plugins for Editor in 0.00 ms.
Unloading 1893 Unused Serialized files (Serialized files now loaded: 0)
System memory in use before: 93.8 MB.
System memory in use after: 93.9 MB.

Unloading 10 unused Assets to reduce memory usage. Loaded Objects now: 2425.
Total: 2.669600 ms (FindLiveObjects: 0.275800 ms CreateObjectMapping: 0.108700 ms MarkObjects: 2.255300 ms  DeleteObjects: 0.026600 ms)

========================================================================
Received Prepare
Registering precompiled user dll's ...
Registered in 0.002220 seconds.
Begin MonoManager ReloadAssembly
Native extension for WindowsStandalone target not found
Refreshing native plugins compatible for Editor in 0.58 ms, found 1 plugins.
Preloading 0 native plugins for Editor in 0.00 ms.
Mono: successfully reloaded assembly
- Completed reload, in  1.373 seconds
Platform modules already initialized, skipping
Refreshing native plugins compatible for Editor in 0.62 ms, found 1 plugins.
Preloading 0 native plugins for Editor in 0.00 ms.
Unloading 1893 Unused Serialized files (Serialized files now loaded: 0)
System memory in use before: 93.9 MB.
System memory in use after: 94.0 MB.

Unloading 9 unused Assets to reduce memory usage. Loaded Objects now: 2428.
Total: 3.430800 ms (FindLiveObjects: 0.426800 ms CreateObjectMapping: 0.147000 ms MarkObjects: 2.832200 ms  DeleteObjects: 0.022500 ms)

========================================================================
Received Prepare
Registering precompiled user dll's ...
Registered in 0.002058 seconds.
Begin MonoManager ReloadAssembly
Native extension for WindowsStandalone target not found
Refreshing native plugins compatible for Editor in 0.60 ms, found 1 plugins.
Preloading 0 native plugins for Editor in 0.00 ms.
Mono: successfully reloaded assembly
- Completed reload, in  1.776 seconds
Platform modules already initialized, skipping
Refreshing native plugins compatible for Editor in 0.68 ms, found 1 plugins.
Preloading 0 native plugins for Editor in 0.00 ms.
Unloading 1893 Unused Serialized files (Serialized files now loaded: 0)
System memory in use before: 93.9 MB.
System memory in use after: 94.0 MB.

Unloading 9 unused Assets to reduce memory usage. Loaded Objects now: 2431.
Total: 2.741000 ms (FindLiveObjects: 0.230600 ms CreateObjectMapping: 0.082900 ms MarkObjects: 2.398200 ms  DeleteObjects: 0.026900 ms)

========================================================================
Received Prepare
Registering precompiled user dll's ...
Registered in 0.002495 seconds.
Begin MonoManager ReloadAssembly
Native extension for WindowsStandalone target not found
Refreshing native plugins compatible for Editor in 0.62 ms, found 1 plugins.
Preloading 0 native plugins for Editor in 0.00 ms.
Mono: successfully reloaded assembly
- Completed reload, in  1.910 seconds
Platform modules already initialized, skipping
Refreshing native plugins compatible for Editor in 0.76 ms, found 1 plugins.
Preloading 0 native plugins for Editor in 0.00 ms.
Unloading 1893 Unused Serialized files (Serialized files now loaded: 0)
System memory in use before: 93.9 MB.
System memory in use after: 94.0 MB.

Unloading 9 unused Assets to reduce memory usage. Loaded Objects now: 2434.
Total: 2.597600 ms (FindLiveObjects: 0.247300 ms CreateObjectMapping: 0.096500 ms MarkObjects: 2.224000 ms  DeleteObjects: 0.027200 ms)

========================================================================
Received Prepare
Registering precompiled user dll's ...
Registered in 0.002578 seconds.
Begin MonoManager ReloadAssembly
Native extension for WindowsStandalone target not found
Refreshing native plugins compatible for Editor in 0.62 ms, found 1 plugins.
Preloading 0 native plugins for Editor in 0.00 ms.
Mono: successfully reloaded assembly
- Completed reload, in  1.584 seconds
Platform modules already initialized, skipping
Refreshing native plugins compatible for Editor in 33.39 ms, found 1 plugins.
Preloading 0 native plugins for Editor in 0.00 ms.
Unloading 1893 Unused Serialized files (Serialized files now loaded: 0)
System memory in use before: 93.9 MB.
System memory in use after: 94.0 MB.

Unloading 9 unused Assets to reduce memory usage. Loaded Objects now: 2437.
Total: 2.452400 ms (FindLiveObjects: 0.274400 ms CreateObjectMapping: 0.099900 ms MarkObjects: 2.052500 ms  DeleteObjects: 0.023200 ms)

========================================================================
Received Import Request.
  Time since last request: 338.942322 seconds.
  path: Assets/Hazard.cs
  artifactKey: Guid(24f0810b8e0c44fb0ab9e8482ec73a96) Importer(815301076,1909f56bfc062723c751e8b465ee728b)
Start importing Assets/Hazard.cs using Guid(24f0810b8e0c44fb0ab9e8482ec73a96) Importer(815301076,1909f56bfc062723c751e8b465ee728b)  -> (artifact id: 'f1da2af07f2109717218e15c45415c52') in 0.027878 seconds
  Import took 0.034550 seconds .

========================================================================
Received Prepare
Registering precompiled user dll's ...
Registered in 0.002455 seconds.
Begin MonoManager ReloadAssembly
Native extension for WindowsStandalone target not found
Refreshing native plugins compatible for Editor in 0.75 ms, found 1 plugins.
Preloading 0 native plugins for Editor in 0.00 ms.
Mono: successfully reloaded assembly
- Completed reload, in  1.664 seconds
Platform modules already initialized, skipping
Refreshing native plugins compatible for Editor in 0.59 ms, found 1 plugins.
Preloading 0 native plugins for Editor in 0.00 ms.
Unloading 1893 Unused Serialized files (Serialized files now loaded: 0)
System memory in use before: 93.9 MB.
System memory in use after: 94.0 MB.

Unloading 9 unused Assets to reduce memory usage. Loaded Objects now: 2440.
Total: 2.309000 ms (FindLiveObjects: 0.249500 ms CreateObjectMapping: 0.094900 ms MarkObjects: 1.939400 ms  DeleteObjects: 0.023000 ms)

========================================================================
Received Prepare
Registering precompiled user dll's ...
Registered in 0.002353 seconds.
Begin MonoManager ReloadAssembly
Native extension for WindowsStandalone target not found
Refreshing native plugins compatible for Editor in 0.63 ms, found 1 plugins.
Preloading 0 native plugins for Editor in 0.00 ms.
Mono: successfully reloaded assembly
- Completed reload, in  1.606 seconds
Platform modules already initialized, skipping
Refreshing native plugins compatible for Editor in 0.83 ms, found 1 plugins.
Preloading 0 native plugins for Editor in 0.00 ms.
Unloading 1893 Unused Serialized files (Serialized files now loaded: 0)
System memory in use before: 93.9 MB.
System memory in use after: 94.0 MB.

Unloading 9 unused Assets to reduce memory usage. Loaded Objects now: 2443.
Total: 3.138500 ms (FindLiveObjects: 0.271300 ms CreateObjectMapping: 0.104300 ms MarkObjects: 2.725400 ms  DeleteObjects: 0.034900 ms)

========================================================================
Received Prepare
Registering precompiled user dll's ...
Registered in 0.002460 seconds.
Begin MonoManager ReloadAssembly
Native extension for WindowsStandalone target not found
Refreshing native plugins compatible for Editor in 0.79 ms, found 1 plugins.
Preloading 0 native plugins for Editor in 0.00 ms.
Mono: successfully reloaded assembly
- Completed reload, in  2.626 seconds
Platform modules already initialized, skipping
Refreshing native plugins compatible for Editor in 0.63 ms, found 1 plugins.
Preloading 0 native plugins for Editor in 0.00 ms.
Unloading 1893 Unused Serialized files (Serialized files now loaded: 0)
System memory in use before: 93.9 MB.
System memory in use after: 94.0 MB.

Unloading 9 unused Assets to reduce memory usage. Loaded Objects now: 2446.
Total: 4.206200 ms (FindLiveObjects: 0.442100 ms CreateObjectMapping: 0.241800 ms MarkObjects: 3.465800 ms  DeleteObjects: 0.052600 ms)

========================================================================
Received Import Request.
  Time since last request: 189.180165 seconds.
  path: Assets/Rat.prefab
  artifactKey: Guid(576902c2894ef204caa5e1c816316ea5) Importer(815301076,1909f56bfc062723c751e8b465ee728b)
Start importing Assets/Rat.prefab using Guid(576902c2894ef204caa5e1c816316ea5) Importer(815301076,1909f56bfc062723c751e8b465ee728b)  -> (artifact id: 'ce63b6c5afb377d1cbf75c72f7c6541f') in 0.196799 seconds
  Import took 0.203565 seconds .

========================================================================
Received Import Request.
  Time since last request: 2.991068 seconds.
  path: Assets
  artifactKey: Guid(00000000000000001000000000000000) Importer(815301076,1909f56bfc062723c751e8b465ee728b)
Start importing Assets using Guid(00000000000000001000000000000000) Importer(815301076,1909f56bfc062723c751e8b465ee728b)  -> (artifact id: 'e4856052512617ee48189cf1d7999900') in 0.019645 seconds
  Import took 0.027022 seconds .

========================================================================
Received Import Request.
  Time since last request: 7.734682 seconds.
  path: Assets/Enemies
  artifactKey: Guid(ad96b1e4e64e8464eac092cef1800d53) Importer(815301076,1909f56bfc062723c751e8b465ee728b)
Start importing Assets/Enemies using Guid(ad96b1e4e64e8464eac092cef1800d53) Importer(815301076,1909f56bfc062723c751e8b465ee728b)  -> (artifact id: '40d3f1e99af3fc4a3ba14f1d66dc0e57') in 0.021964 seconds
  Import took 0.027708 seconds .

========================================================================
Received Import Request.
  Time since last request: 9.113222 seconds.
  path: Assets/opossum
  artifactKey: Guid(b51573a0febe34fceadd0e7c64f17c94) Importer(815301076,1909f56bfc062723c751e8b465ee728b)
Start importing Assets/opossum using Guid(b51573a0febe34fceadd0e7c64f17c94) Importer(815301076,1909f56bfc062723c751e8b465ee728b)  -> (artifact id: '123cd7088c11e70dd03ddc92e060188e') in 0.025042 seconds
  Import took 0.033508 seconds .

========================================================================
Received Import Request.
  Time since last request: 0.062513 seconds.
  path: Assets/opossum/opossum-5.png
  artifactKey: Guid(d3b400141540442d5a4497e34887083f) Importer(815301076,1909f56bfc062723c751e8b465ee728b)
Start importing Assets/opossum/opossum-5.png using Guid(d3b400141540442d5a4497e34887083f) Importer(815301076,1909f56bfc062723c751e8b465ee728b)  -> (artifact id: '9269fa6f1e90fa303f7c68d81af728e0') in 0.112272 seconds
  Import took 0.121235 seconds .

========================================================================
Received Import Request.
  Time since last request: 0.000313 seconds.
  path: Assets/opossum/opossum-4.png
  artifactKey: Guid(23510f1f0d6994dccbcdd1aa3cfe73be) Importer(815301076,1909f56bfc062723c751e8b465ee728b)
Start importing Assets/opossum/opossum-4.png using Guid(23510f1f0d6994dccbcdd1aa3cfe73be) Importer(815301076,1909f56bfc062723c751e8b465ee728b)  -> (artifact id: '9b34e1b1fa1d4a576ef71e999933d936') in 0.059962 seconds
  Import took 0.064046 seconds .

========================================================================
Received Import Request.
  Time since last request: 0.000060 seconds.
  path: Assets/opossum/opossum-3.png
  artifactKey: Guid(74c5b1be9ca4343ca9d68c58dd8b7332) Importer(815301076,1909f56bfc062723c751e8b465ee728b)
Start importing Assets/opossum/opossum-3.png using Guid(74c5b1be9ca4343ca9d68c58dd8b7332) Importer(815301076,1909f56bfc062723c751e8b465ee728b)  -> (artifact id: 'b5f4173609201d6778771a52703f3924') in 0.045425 seconds
  Import took 0.051194 seconds .

========================================================================
Received Import Request.
  Time since last request: 0.000305 seconds.
  path: Assets/opossum/opossum-1.png
  artifactKey: Guid(baa0c643131554ff99574059ec7da1cc) Importer(815301076,1909f56bfc062723c751e8b465ee728b)
Start importing Assets/opossum/opossum-1.png using Guid(baa0c643131554ff99574059ec7da1cc) Importer(815301076,1909f56bfc062723c751e8b465ee728b)  -> (artifact id: '15b9bc45366ca837f63c35b3331bcb5d') in 0.038622 seconds
  Import took 0.044670 seconds .

========================================================================
Received Import Request.
  Time since last request: 0.000250 seconds.
  path: Assets/opossum/opossum-2.png
  artifactKey: Guid(2c5f3b2250c31495db3ffcf7e90bb619) Importer(815301076,1909f56bfc062723c751e8b465ee728b)
Start importing Assets/opossum/opossum-2.png using Guid(2c5f3b2250c31495db3ffcf7e90bb619) Importer(815301076,1909f56bfc062723c751e8b465ee728b)  -> (artifact id: '863cd657eb1da67c7bcd6b4edf823111') in 0.047667 seconds
  Import took 0.054813 seconds .

========================================================================
Received Import Request.
  Time since last request: 0.000261 seconds.
  path: Assets/opossum/opossum-6.png
  artifactKey: Guid(764fc52f7266843e9b3dac17448f873f) Importer(815301076,1909f56bfc062723c751e8b465ee728b)
Start importing Assets/opossum/opossum-6.png using Guid(764fc52f7266843e9b3dac17448f873f) Importer(815301076,1909f56bfc062723c751e8b465ee728b)  -> (artifact id: 'e2958807939c8dcb54683842e93698cb') in 0.045304 seconds
  Import took 0.050787 seconds .

========================================================================
Received Import Request.
  Time since last request: 7.075272 seconds.
  path: Assets/EnemyAnim.cs
  artifactKey: Guid(70321763419b04acb81184f67b4c1e73) Importer(815301076,1909f56bfc062723c751e8b465ee728b)
Start importing Assets/EnemyAnim.cs using Guid(70321763419b04acb81184f67b4c1e73) Importer(815301076,1909f56bfc062723c751e8b465ee728b)  -> (artifact id: '64bf3b9b5f944a8055f7d36c4a125a1b') in 0.020375 seconds
  Import took 0.025448 seconds .

========================================================================
Received Prepare
Registering precompiled user dll's ...
Registered in 0.002380 seconds.
Begin MonoManager ReloadAssembly
Native extension for WindowsStandalone target not found
Refreshing native plugins compatible for Editor in 0.61 ms, found 1 plugins.
Preloading 0 native plugins for Editor in 0.00 ms.
Mono: successfully reloaded assembly
- Completed reload, in  2.980 seconds
Platform modules already initialized, skipping
Refreshing native plugins compatible for Editor in 0.62 ms, found 1 plugins.
Preloading 0 native plugins for Editor in 0.00 ms.
Unloading 1893 Unused Serialized files (Serialized files now loaded: 0)
System memory in use before: 93.9 MB.
System memory in use after: 94.0 MB.

Unloading 9 unused Assets to reduce memory usage. Loaded Objects now: 2452.
Total: 4.366500 ms (FindLiveObjects: 0.238200 ms CreateObjectMapping: 0.146600 ms MarkObjects: 3.954200 ms  DeleteObjects: 0.024300 ms)

========================================================================
Received Import Request.
  Time since last request: 10.927239 seconds.
  path: Assets/Enemies/Rat.cs
  artifactKey: Guid(5ed57a7a278ae4b2bbf6723f4e432e87) Importer(815301076,1909f56bfc062723c751e8b465ee728b)
Start importing Assets/Enemies/Rat.cs using Guid(5ed57a7a278ae4b2bbf6723f4e432e87) Importer(815301076,1909f56bfc062723c751e8b465ee728b)  -> (artifact id: 'd246ec58dbcec793d9d3b3c8ede0798f') in 0.032666 seconds
  Import took 0.041271 seconds .

========================================================================
Received Prepare
Registering precompiled user dll's ...
Registered in 0.002413 seconds.
Begin MonoManager ReloadAssembly
Native extension for WindowsStandalone target not found
Refreshing native plugins compatible for Editor in 0.62 ms, found 1 plugins.
Preloading 0 native plugins for Editor in 0.00 ms.
Mono: successfully reloaded assembly
- Completed reload, in  1.296 seconds
Platform modules already initialized, skipping
Refreshing native plugins compatible for Editor in 0.60 ms, found 1 plugins.
Preloading 0 native plugins for Editor in 0.00 ms.
Unloading 1893 Unused Serialized files (Serialized files now loaded: 0)
System memory in use before: 93.9 MB.
System memory in use after: 94.1 MB.

Unloading 9 unused Assets to reduce memory usage. Loaded Objects now: 2455.
Total: 2.372800 ms (FindLiveObjects: 0.236900 ms CreateObjectMapping: 0.103500 ms MarkObjects: 2.007900 ms  DeleteObjects: 0.022800 ms)

========================================================================
Received Import Request.
  Time since last request: 16.585334 seconds.
  path: Assets/_TerrainAutoUpgrade
  artifactKey: Guid(5bba27ed48bf4436196dfa2de41a24d0) Importer(815301076,1909f56bfc062723c751e8b465ee728b)
Start importing Assets/_TerrainAutoUpgrade using Guid(5bba27ed48bf4436196dfa2de41a24d0) Importer(815301076,1909f56bfc062723c751e8b465ee728b)  -> (artifact id: '3376f2fcf2fdc1005dcabeb4799eab1d') in 0.018365 seconds
  Import took 0.023743 seconds .

========================================================================
Received Import Request.
  Time since last request: 0.062043 seconds.
  path: Assets/_TerrainAutoUpgrade/layer_checkerGround3d3aba195e4d26ee.terrainlayer
  artifactKey: Guid(c2c41f57799bb4f3c9cf3b5f58ebc137) Importer(815301076,1909f56bfc062723c751e8b465ee728b)
Start importing Assets/_TerrainAutoUpgrade/layer_checkerGround3d3aba195e4d26ee.terrainlayer using Guid(c2c41f57799bb4f3c9cf3b5f58ebc137) Importer(815301076,1909f56bfc062723c751e8b465ee728b)  -> (artifact id: '8bf5e8ecc9805977377c7d0894f1e15a') in 0.091573 seconds
  Import took 0.096934 seconds .

========================================================================
Received Prepare
Registering precompiled user dll's ...
Registered in 0.015772 seconds.
Begin MonoManager ReloadAssembly
Native extension for WindowsStandalone target not found
Refreshing native plugins compatible for Editor in 0.61 ms, found 1 plugins.
Preloading 0 native plugins for Editor in 0.00 ms.
Mono: successfully reloaded assembly
- Completed reload, in  1.680 seconds
Platform modules already initialized, skipping
Refreshing native plugins compatible for Editor in 0.84 ms, found 1 plugins.
Preloading 0 native plugins for Editor in 0.00 ms.
Unloading 1893 Unused Serialized files (Serialized files now loaded: 0)
System memory in use before: 94.0 MB.
System memory in use after: 94.1 MB.

Unloading 9 unused Assets to reduce memory usage. Loaded Objects now: 2461.
Total: 2.485200 ms (FindLiveObjects: 0.233000 ms CreateObjectMapping: 0.081300 ms MarkObjects: 2.148700 ms  DeleteObjects: 0.020300 ms)

========================================================================
Received Prepare
Registering precompiled user dll's ...
Registered in 0.063749 seconds.
Begin MonoManager ReloadAssembly
Native extension for WindowsStandalone target not found
Refreshing native plugins compatible for Editor in 0.65 ms, found 1 plugins.
Preloading 0 native plugins for Editor in 0.00 ms.
Mono: successfully reloaded assembly
- Completed reload, in  2.735 seconds
Platform modules already initialized, skipping
Refreshing native plugins compatible for Editor in 0.81 ms, found 1 plugins.
Preloading 0 native plugins for Editor in 0.00 ms.
Unloading 1893 Unused Serialized files (Serialized files now loaded: 0)
System memory in use before: 94.0 MB.
System memory in use after: 94.1 MB.

Unloading 9 unused Assets to reduce memory usage. Loaded Objects now: 2464.
Total: 4.522400 ms (FindLiveObjects: 0.694100 ms CreateObjectMapping: 0.162900 ms MarkObjects: 3.633500 ms  DeleteObjects: 0.029400 ms)

========================================================================
Received Prepare
Registering precompiled user dll's ...
Registered in 0.005335 seconds.
Begin MonoManager ReloadAssembly
Native extension for WindowsStandalone target not found
Refreshing native plugins compatible for Editor in 0.75 ms, found 1 plugins.
Preloading 0 native plugins for Editor in 0.00 ms.
Mono: successfully reloaded assembly
- Completed reload, in  1.626 seconds
Platform modules already initialized, skipping
Refreshing native plugins compatible for Editor in 0.82 ms, found 1 plugins.
Preloading 0 native plugins for Editor in 0.00 ms.
Unloading 1893 Unused Serialized files (Serialized files now loaded: 0)
System memory in use before: 94.0 MB.
System memory in use after: 94.1 MB.

Unloading 9 unused Assets to reduce memory usage. Loaded Objects now: 2467.
Total: 2.752600 ms (FindLiveObjects: 0.266700 ms CreateObjectMapping: 0.110800 ms MarkObjects: 2.267100 ms  DeleteObjects: 0.104800 ms)

========================================================================
Received Prepare
Registering precompiled user dll's ...
Registered in 0.002544 seconds.
Begin MonoManager ReloadAssembly
Native extension for WindowsStandalone target not found
Refreshing native plugins compatible for Editor in 0.62 ms, found 1 plugins.
Preloading 0 native plugins for Editor in 0.00 ms.
Mono: successfully reloaded assembly
- Completed reload, in  1.801 seconds
Platform modules already initialized, skipping
Refreshing native plugins compatible for Editor in 0.62 ms, found 1 plugins.
Preloading 0 native plugins for Editor in 0.00 ms.
Unloading 1893 Unused Serialized files (Serialized files now loaded: 0)
System memory in use before: 94.0 MB.
System memory in use after: 94.1 MB.

Unloading 9 unused Assets to reduce memory usage. Loaded Objects now: 2470.
Total: 4.351100 ms (FindLiveObjects: 0.368600 ms CreateObjectMapping: 0.225300 ms MarkObjects: 3.722000 ms  DeleteObjects: 0.032200 ms)

========================================================================
Received Prepare
Registering precompiled user dll's ...
Registered in 0.002727 seconds.
Begin MonoManager ReloadAssembly
Native extension for WindowsStandalone target not found
Refreshing native plugins compatible for Editor in 0.95 ms, found 1 plugins.
Preloading 0 native plugins for Editor in 0.00 ms.
Mono: successfully reloaded assembly
- Completed reload, in  1.483 seconds
Platform modules already initialized, skipping
Refreshing native plugins compatible for Editor in 0.64 ms, found 1 plugins.
Preloading 0 native plugins for Editor in 0.00 ms.
Unloading 1893 Unused Serialized files (Serialized files now loaded: 0)
System memory in use before: 94.0 MB.
System memory in use after: 94.1 MB.

Unloading 9 unused Assets to reduce memory usage. Loaded Objects now: 2473.
Total: 2.602500 ms (FindLiveObjects: 0.238200 ms CreateObjectMapping: 0.093100 ms MarkObjects: 2.243000 ms  DeleteObjects: 0.024900 ms)

========================================================================
Received Prepare
Registering precompiled user dll's ...
Registered in 0.002136 seconds.
Begin MonoManager ReloadAssembly
Native extension for WindowsStandalone target not found
Refreshing native plugins compatible for Editor in 0.64 ms, found 1 plugins.
Preloading 0 native plugins for Editor in 0.00 ms.
Mono: successfully reloaded assembly
- Completed reload, in  1.366 seconds
Platform modules already initialized, skipping
Refreshing native plugins compatible for Editor in 0.64 ms, found 1 plugins.
Preloading 0 native plugins for Editor in 0.00 ms.
Unloading 1893 Unused Serialized files (Serialized files now loaded: 0)
System memory in use before: 94.0 MB.
System memory in use after: 94.1 MB.

Unloading 9 unused Assets to reduce memory usage. Loaded Objects now: 2476.
Total: 2.620000 ms (FindLiveObjects: 0.248800 ms CreateObjectMapping: 0.084800 ms MarkObjects: 2.259500 ms  DeleteObjects: 0.025000 ms)

========================================================================
Received Prepare
Registering precompiled user dll's ...
Registered in 0.003698 seconds.
Begin MonoManager ReloadAssembly
Native extension for WindowsStandalone target not found
Refreshing native plugins compatible for Editor in 0.79 ms, found 1 plugins.
Preloading 0 native plugins for Editor in 0.00 ms.
Mono: successfully reloaded assembly
- Completed reload, in  1.684 seconds
Platform modules already initialized, skipping
Refreshing native plugins compatible for Editor in 0.67 ms, found 1 plugins.
Preloading 0 native plugins for Editor in 0.00 ms.
Unloading 1893 Unused Serialized files (Serialized files now loaded: 0)
System memory in use before: 94.0 MB.
System memory in use after: 94.1 MB.

Unloading 9 unused Assets to reduce memory usage. Loaded Objects now: 2479.
Total: 3.991700 ms (FindLiveObjects: 0.510800 ms CreateObjectMapping: 0.230600 ms MarkObjects: 3.224900 ms  DeleteObjects: 0.022600 ms)

========================================================================
Received Prepare
Registering precompiled user dll's ...
Registered in 0.002022 seconds.
Begin MonoManager ReloadAssembly
Native extension for WindowsStandalone target not found
Refreshing native plugins compatible for Editor in 0.59 ms, found 1 plugins.
Preloading 0 native plugins for Editor in 0.00 ms.
Mono: successfully reloaded assembly
- Completed reload, in  1.833 seconds
Platform modules already initialized, skipping
Refreshing native plugins compatible for Editor in 0.60 ms, found 1 plugins.
Preloading 0 native plugins for Editor in 0.00 ms.
Unloading 1893 Unused Serialized files (Serialized files now loaded: 0)
System memory in use before: 94.0 MB.
System memory in use after: 94.2 MB.

Unloading 9 unused Assets to reduce memory usage. Loaded Objects now: 2482.
Total: 2.504800 ms (FindLiveObjects: 0.241500 ms CreateObjectMapping: 0.091200 ms MarkObjects: 2.144000 ms  DeleteObjects: 0.025500 ms)

========================================================================
Received Prepare
Registering precompiled user dll's ...
Registered in 0.002187 seconds.
Begin MonoManager ReloadAssembly
Native extension for WindowsStandalone target not found
Refreshing native plugins compatible for Editor in 0.63 ms, found 1 plugins.
Preloading 0 native plugins for Editor in 0.00 ms.
Mono: successfully reloaded assembly
- Completed reload, in  1.645 seconds
Platform modules already initialized, skipping
Refreshing native plugins compatible for Editor in 0.59 ms, found 1 plugins.
Preloading 0 native plugins for Editor in 0.00 ms.
Unloading 1893 Unused Serialized files (Serialized files now loaded: 0)
System memory in use before: 94.0 MB.
System memory in use after: 94.2 MB.

Unloading 9 unused Assets to reduce memory usage. Loaded Objects now: 2485.
Total: 2.945900 ms (FindLiveObjects: 0.431500 ms CreateObjectMapping: 0.100100 ms MarkObjects: 2.382000 ms  DeleteObjects: 0.029300 ms)

========================================================================
Received Prepare
Registering precompiled user dll's ...
Registered in 0.002820 seconds.
Begin MonoManager ReloadAssembly
Native extension for WindowsStandalone target not found
Refreshing native plugins compatible for Editor in 0.63 ms, found 1 plugins.
Preloading 0 native plugins for Editor in 0.00 ms.
Mono: successfully reloaded assembly
- Completed reload, in  1.530 seconds
Platform modules already initialized, skipping
Refreshing native plugins compatible for Editor in 1.05 ms, found 1 plugins.
Preloading 0 native plugins for Editor in 0.00 ms.
Unloading 1893 Unused Serialized files (Serialized files now loaded: 0)
System memory in use before: 94.1 MB.
System memory in use after: 94.2 MB.

Unloading 9 unused Assets to reduce memory usage. Loaded Objects now: 2488.
Total: 2.848100 ms (FindLiveObjects: 0.255400 ms CreateObjectMapping: 0.124200 ms MarkObjects: 2.435000 ms  DeleteObjects: 0.030200 ms)

========================================================================
Received Prepare
Registering precompiled user dll's ...
Registered in 0.002270 seconds.
Begin MonoManager ReloadAssembly
Native extension for WindowsStandalone target not found
Refreshing native plugins compatible for Editor in 0.66 ms, found 1 plugins.
Preloading 0 native plugins for Editor in 0.00 ms.
Mono: successfully reloaded assembly
- Completed reload, in  2.008 seconds
Platform modules already initialized, skipping
Refreshing native plugins compatible for Editor in 0.70 ms, found 1 plugins.
Preloading 0 native plugins for Editor in 0.00 ms.
Unloading 1893 Unused Serialized files (Serialized files now loaded: 0)
System memory in use before: 94.1 MB.
System memory in use after: 94.2 MB.

Unloading 9 unused Assets to reduce memory usage. Loaded Objects now: 2491.
Total: 2.801300 ms (FindLiveObjects: 0.244800 ms CreateObjectMapping: 0.088800 ms MarkObjects: 2.440400 ms  DeleteObjects: 0.024900 ms)

========================================================================
Received Prepare
Registering precompiled user dll's ...
Registered in 0.002055 seconds.
Begin MonoManager ReloadAssembly
Native extension for WindowsStandalone target not found
Refreshing native plugins compatible for Editor in 0.66 ms, found 1 plugins.
Preloading 0 native plugins for Editor in 0.00 ms.
Mono: successfully reloaded assembly
- Completed reload, in  1.483 seconds
Platform modules already initialized, skipping
Refreshing native plugins compatible for Editor in 0.61 ms, found 1 plugins.
Preloading 0 native plugins for Editor in 0.00 ms.
Unloading 1893 Unused Serialized files (Serialized files now loaded: 0)
System memory in use before: 94.1 MB.
System memory in use after: 94.2 MB.

Unloading 9 unused Assets to reduce memory usage. Loaded Objects now: 2494.
Total: 2.836900 ms (FindLiveObjects: 0.381400 ms CreateObjectMapping: 0.134200 ms MarkObjects: 2.293000 ms  DeleteObjects: 0.025700 ms)

========================================================================
Received Prepare
Registering precompiled user dll's ...
Registered in 0.005223 seconds.
Begin MonoManager ReloadAssembly
Native extension for WindowsStandalone target not found
Refreshing native plugins compatible for Editor in 0.63 ms, found 1 plugins.
Preloading 0 native plugins for Editor in 0.00 ms.
Mono: successfully reloaded assembly
- Completed reload, in  1.290 seconds
Platform modules already initialized, skipping
Refreshing native plugins compatible for Editor in 0.61 ms, found 1 plugins.
Preloading 0 native plugins for Editor in 0.00 ms.
Unloading 1893 Unused Serialized files (Serialized files now loaded: 0)
System memory in use before: 94.1 MB.
System memory in use after: 94.2 MB.

Unloading 9 unused Assets to reduce memory usage. Loaded Objects now: 2497.
Total: 3.226000 ms (FindLiveObjects: 0.310400 ms CreateObjectMapping: 0.119000 ms MarkObjects: 2.769700 ms  DeleteObjects: 0.024200 ms)

========================================================================
Received Import Request.
  Time since last request: 1362.228964 seconds.
  path: Assets/Enemies/Rat.prefab
  artifactKey: Guid(576902c2894ef204caa5e1c816316ea5) Importer(815301076,1909f56bfc062723c751e8b465ee728b)
Start importing Assets/Enemies/Rat.prefab using Guid(576902c2894ef204caa5e1c816316ea5) Importer(815301076,1909f56bfc062723c751e8b465ee728b)  -> (artifact id: '3ab2e1765fb49c65b705e25e07164f86') in 0.173116 seconds
  Import took 0.180347 seconds .

========================================================================
Received Import Request.
  Time since last request: 0.296317 seconds.
  path: Assets/Enemies/Rat.prefab
  artifactKey: Guid(576902c2894ef204caa5e1c816316ea5) Importer(815301076,1909f56bfc062723c751e8b465ee728b)
Start importing Assets/Enemies/Rat.prefab using Guid(576902c2894ef204caa5e1c816316ea5) Importer(815301076,1909f56bfc062723c751e8b465ee728b)  -> (artifact id: '3ab2e1765fb49c65b705e25e07164f86') in 0.066687 seconds
  Import took 0.081655 seconds .

========================================================================
Received Prepare
Registering precompiled user dll's ...
Registered in 0.003328 seconds.
Begin MonoManager ReloadAssembly
Native extension for WindowsStandalone target not found
Refreshing native plugins compatible for Editor in 0.84 ms, found 1 plugins.
Preloading 0 native plugins for Editor in 0.00 ms.
Mono: successfully reloaded assembly
- Completed reload, in  1.457 seconds
Platform modules already initialized, skipping
Refreshing native plugins compatible for Editor in 0.93 ms, found 1 plugins.
Preloading 0 native plugins for Editor in 0.00 ms.
Unloading 1893 Unused Serialized files (Serialized files now loaded: 0)
System memory in use before: 94.1 MB.
System memory in use after: 94.2 MB.

Unloading 9 unused Assets to reduce memory usage. Loaded Objects now: 2501.
Total: 2.365700 ms (FindLiveObjects: 0.286100 ms CreateObjectMapping: 0.086200 ms MarkObjects: 1.970200 ms  DeleteObjects: 0.020300 ms)

========================================================================
Received Prepare
Registering precompiled user dll's ...
Registered in 0.002464 seconds.
Begin MonoManager ReloadAssembly
Native extension for WindowsStandalone target not found
Refreshing native plugins compatible for Editor in 0.61 ms, found 1 plugins.
Preloading 0 native plugins for Editor in 0.00 ms.
Mono: successfully reloaded assembly
- Completed reload, in  1.644 seconds
Platform modules already initialized, skipping
Refreshing native plugins compatible for Editor in 0.63 ms, found 1 plugins.
Preloading 0 native plugins for Editor in 0.00 ms.
Unloading 1893 Unused Serialized files (Serialized files now loaded: 0)
System memory in use before: 94.1 MB.
System memory in use after: 94.2 MB.

Unloading 9 unused Assets to reduce memory usage. Loaded Objects now: 2504.
Total: 2.616300 ms (FindLiveObjects: 0.334900 ms CreateObjectMapping: 0.111900 ms MarkObjects: 2.142800 ms  DeleteObjects: 0.023700 ms)

========================================================================
Received Prepare
Registering precompiled user dll's ...
Registered in 0.009754 seconds.
Begin MonoManager ReloadAssembly
Native extension for WindowsStandalone target not found
Refreshing native plugins compatible for Editor in 0.58 ms, found 1 plugins.
Preloading 0 native plugins for Editor in 0.00 ms.
Mono: successfully reloaded assembly
- Completed reload, in  1.381 seconds
Platform modules already initialized, skipping
Refreshing native plugins compatible for Editor in 5.86 ms, found 1 plugins.
Preloading 0 native plugins for Editor in 0.00 ms.
Unloading 1893 Unused Serialized files (Serialized files now loaded: 0)
System memory in use before: 94.1 MB.
System memory in use after: 94.2 MB.

Unloading 9 unused Assets to reduce memory usage. Loaded Objects now: 2507.
Total: 2.728500 ms (FindLiveObjects: 0.426600 ms CreateObjectMapping: 0.091900 ms MarkObjects: 2.182200 ms  DeleteObjects: 0.025000 ms)

========================================================================
Received Prepare
Registering precompiled user dll's ...
Registered in 0.002117 seconds.
Begin MonoManager ReloadAssembly
Native extension for WindowsStandalone target not found
Refreshing native plugins compatible for Editor in 0.68 ms, found 1 plugins.
Preloading 0 native plugins for Editor in 0.00 ms.
Mono: successfully reloaded assembly
- Completed reload, in  1.948 seconds
Platform modules already initialized, skipping
Refreshing native plugins compatible for Editor in 0.64 ms, found 1 plugins.
Preloading 0 native plugins for Editor in 0.00 ms.
Unloading 1893 Unused Serialized files (Serialized files now loaded: 0)
System memory in use before: 94.1 MB.
System memory in use after: 94.2 MB.

Unloading 9 unused Assets to reduce memory usage. Loaded Objects now: 2510.
Total: 2.791100 ms (FindLiveObjects: 0.446600 ms CreateObjectMapping: 0.099800 ms MarkObjects: 2.219800 ms  DeleteObjects: 0.022200 ms)

========================================================================
Received Prepare
Registering precompiled user dll's ...
Registered in 0.002279 seconds.
Begin MonoManager ReloadAssembly
Native extension for WindowsStandalone target not found
Refreshing native plugins compatible for Editor in 0.63 ms, found 1 plugins.
Preloading 0 native plugins for Editor in 0.00 ms.
Mono: successfully reloaded assembly
- Completed reload, in  1.395 seconds
Platform modules already initialized, skipping
Refreshing native plugins compatible for Editor in 0.65 ms, found 1 plugins.
Preloading 0 native plugins for Editor in 0.00 ms.
Unloading 1893 Unused Serialized files (Serialized files now loaded: 0)
System memory in use before: 94.1 MB.
System memory in use after: 94.2 MB.

Unloading 9 unused Assets to reduce memory usage. Loaded Objects now: 2513.
Total: 2.571400 ms (FindLiveObjects: 0.259300 ms CreateObjectMapping: 0.085400 ms MarkObjects: 2.196100 ms  DeleteObjects: 0.028200 ms)

========================================================================
Received Prepare
Registering precompiled user dll's ...
Registered in 0.002040 seconds.
Begin MonoManager ReloadAssembly
Native extension for WindowsStandalone target not found
Refreshing native plugins compatible for Editor in 0.60 ms, found 1 plugins.
Preloading 0 native plugins for Editor in 0.00 ms.
Mono: successfully reloaded assembly
- Completed reload, in  1.264 seconds
Platform modules already initialized, skipping
Refreshing native plugins compatible for Editor in 1.02 ms, found 1 plugins.
Preloading 0 native plugins for Editor in 0.00 ms.
Unloading 1893 Unused Serialized files (Serialized files now loaded: 0)
System memory in use before: 94.1 MB.
System memory in use after: 94.3 MB.

Unloading 9 unused Assets to reduce memory usage. Loaded Objects now: 2516.
Total: 2.566100 ms (FindLiveObjects: 0.255100 ms CreateObjectMapping: 0.088100 ms MarkObjects: 2.195000 ms  DeleteObjects: 0.024700 ms)

========================================================================
Received Prepare
Registering precompiled user dll's ...
Registered in 0.002385 seconds.
Begin MonoManager ReloadAssembly
Native extension for WindowsStandalone target not found
Refreshing native plugins compatible for Editor in 0.62 ms, found 1 plugins.
Preloading 0 native plugins for Editor in 0.00 ms.
Mono: successfully reloaded assembly
- Completed reload, in  1.568 seconds
Platform modules already initialized, skipping
Refreshing native plugins compatible for Editor in 17.72 ms, found 1 plugins.
Preloading 0 native plugins for Editor in 0.00 ms.
Unloading 1893 Unused Serialized files (Serialized files now loaded: 0)
System memory in use before: 94.2 MB.
System memory in use after: 94.3 MB.

Unloading 9 unused Assets to reduce memory usage. Loaded Objects now: 2519.
Total: 3.931100 ms (FindLiveObjects: 0.484800 ms CreateObjectMapping: 0.350100 ms MarkObjects: 3.058800 ms  DeleteObjects: 0.026300 ms)

========================================================================
Received Prepare
Registering precompiled user dll's ...
Registered in 0.002292 seconds.
Begin MonoManager ReloadAssembly
Native extension for WindowsStandalone target not found
Refreshing native plugins compatible for Editor in 0.67 ms, found 1 plugins.
Preloading 0 native plugins for Editor in 0.00 ms.
Mono: successfully reloaded assembly
- Completed reload, in  1.295 seconds
Platform modules already initialized, skipping
Refreshing native plugins compatible for Editor in 1.16 ms, found 1 plugins.
Preloading 0 native plugins for Editor in 0.00 ms.
Unloading 1893 Unused Serialized files (Serialized files now loaded: 0)
System memory in use before: 94.2 MB.
System memory in use after: 94.3 MB.

Unloading 9 unused Assets to reduce memory usage. Loaded Objects now: 2522.
Total: 2.775200 ms (FindLiveObjects: 0.260100 ms CreateObjectMapping: 0.104500 ms MarkObjects: 2.380000 ms  DeleteObjects: 0.027000 ms)

========================================================================
Received Prepare
Registering precompiled user dll's ...
Registered in 0.001965 seconds.
Begin MonoManager ReloadAssembly
Native extension for WindowsStandalone target not found
Refreshing native plugins compatible for Editor in 0.61 ms, found 1 plugins.
Preloading 0 native plugins for Editor in 0.00 ms.
Mono: successfully reloaded assembly
- Completed reload, in  1.209 seconds
Platform modules already initialized, skipping
Refreshing native plugins compatible for Editor in 0.67 ms, found 1 plugins.
Preloading 0 native plugins for Editor in 0.00 ms.
Unloading 1893 Unused Serialized files (Serialized files now loaded: 0)
System memory in use before: 94.2 MB.
System memory in use after: 94.3 MB.

Unloading 9 unused Assets to reduce memory usage. Loaded Objects now: 2525.
Total: 2.453100 ms (FindLiveObjects: 0.263600 ms CreateObjectMapping: 0.082000 ms MarkObjects: 2.081100 ms  DeleteObjects: 0.023600 ms)

========================================================================
Received Import Request.
  Time since last request: 2313.397650 seconds.
  path: Assets/player
  artifactKey: Guid(c38f07c49aff74810b5ee46bc2a90197) Importer(815301076,1909f56bfc062723c751e8b465ee728b)
Start importing Assets/player using Guid(c38f07c49aff74810b5ee46bc2a90197) Importer(815301076,1909f56bfc062723c751e8b465ee728b)  -> (artifact id: 'b7fa22d66f1fd50fcd235b27dd40965c') in 0.178552 seconds
  Import took 0.202550 seconds .

========================================================================
Received Import Request.
  Time since last request: 13.944442 seconds.
  path: Assets/player/jump_01.wav
  artifactKey: Guid(c18ac3609fc9fb743b0bec08007113e1) Importer(815301076,1909f56bfc062723c751e8b465ee728b)
Start importing Assets/player/jump_01.wav using Guid(c18ac3609fc9fb743b0bec08007113e1) Importer(815301076,1909f56bfc062723c751e8b465ee728b)  -> (artifact id: '8f0b856fe6761c94a048dc3377d31d42') in 0.168295 seconds
  Import took 0.174130 seconds .

========================================================================
Received Import Request.
  Time since last request: 80.937922 seconds.
  path: Assets/player/game music.ogg
  artifactKey: Guid(36b3a57339a66a747a032f7cb6b242aa) Importer(815301076,1909f56bfc062723c751e8b465ee728b)
Start importing Assets/player/game music.ogg using Guid(36b3a57339a66a747a032f7cb6b242aa) Importer(815301076,1909f56bfc062723c751e8b465ee728b)  -> (artifact id: '186d015a0a88a7cd385c70f0c2e936bf') in 0.032794 seconds
  Import took 0.038880 seconds .

========================================================================
Received Import Request.
  Time since last request: 37.582440 seconds.
  path: Assets/PlayerController.cs
  artifactKey: Guid(956b2b9f1d55e4f669f6209da0729fc3) Importer(815301076,1909f56bfc062723c751e8b465ee728b)
Start importing Assets/PlayerController.cs using Guid(956b2b9f1d55e4f669f6209da0729fc3) Importer(815301076,1909f56bfc062723c751e8b465ee728b)  -> (artifact id: 'df56adf030811ef409f1c79c217c7f38') in 0.012197 seconds
  Import took 0.017128 seconds .

========================================================================
Received Import Request.
  Time since last request: 0.044458 seconds.
  path: Assets/PlayerController.cs
  artifactKey: Guid(956b2b9f1d55e4f669f6209da0729fc3) Importer(815301076,1909f56bfc062723c751e8b465ee728b)
Start importing Assets/PlayerController.cs using Guid(956b2b9f1d55e4f669f6209da0729fc3) Importer(815301076,1909f56bfc062723c751e8b465ee728b)  -> (artifact id: 'df56adf030811ef409f1c79c217c7f38') in 0.004783 seconds
  Import took 0.010699 seconds .

========================================================================
Received Prepare
Registering precompiled user dll's ...
Registered in 0.059923 seconds.
Begin MonoManager ReloadAssembly
Native extension for WindowsStandalone target not found
Refreshing native plugins compatible for Editor in 0.65 ms, found 1 plugins.
Preloading 0 native plugins for Editor in 0.00 ms.
Mono: successfully reloaded assembly
- Completed reload, in  1.741 seconds
Platform modules already initialized, skipping
Refreshing native plugins compatible for Editor in 0.64 ms, found 1 plugins.
Preloading 0 native plugins for Editor in 0.00 ms.
Unloading 1893 Unused Serialized files (Serialized files now loaded: 0)
System memory in use before: 94.2 MB.
System memory in use after: 94.3 MB.

Unloading 9 unused Assets to reduce memory usage. Loaded Objects now: 2531.
Total: 3.632100 ms (FindLiveObjects: 0.264000 ms CreateObjectMapping: 0.097600 ms MarkObjects: 3.234500 ms  DeleteObjects: 0.033500 ms)

========================================================================
Received Prepare
Registering precompiled user dll's ...
Registered in 0.002200 seconds.
Begin MonoManager ReloadAssembly
Native extension for WindowsStandalone target not found
Refreshing native plugins compatible for Editor in 0.70 ms, found 1 plugins.
Preloading 0 native plugins for Editor in 0.00 ms.
Mono: successfully reloaded assembly
- Completed reload, in  1.457 seconds
Platform modules already initialized, skipping
Refreshing native plugins compatible for Editor in 0.62 ms, found 1 plugins.
Preloading 0 native plugins for Editor in 0.00 ms.
Unloading 1893 Unused Serialized files (Serialized files now loaded: 0)
System memory in use before: 94.2 MB.
System memory in use after: 94.3 MB.

Unloading 9 unused Assets to reduce memory usage. Loaded Objects now: 2534.
Total: 2.610200 ms (FindLiveObjects: 0.275900 ms CreateObjectMapping: 0.088500 ms MarkObjects: 2.215600 ms  DeleteObjects: 0.027700 ms)

========================================================================
Received Prepare
Registering precompiled user dll's ...
Registered in 0.002269 seconds.
Begin MonoManager ReloadAssembly
Native extension for WindowsStandalone target not found
Refreshing native plugins compatible for Editor in 0.61 ms, found 1 plugins.
Preloading 0 native plugins for Editor in 0.00 ms.
Mono: successfully reloaded assembly
- Completed reload, in  1.444 seconds
Platform modules already initialized, skipping
Refreshing native plugins compatible for Editor in 0.84 ms, found 1 plugins.
Preloading 0 native plugins for Editor in 0.00 ms.
Unloading 1894 Unused Serialized files (Serialized files now loaded: 0)
System memory in use before: 94.3 MB.
System memory in use after: 94.4 MB.

Unloading 9 unused Assets to reduce memory usage. Loaded Objects now: 2538.
Total: 7.352100 ms (FindLiveObjects: 3.441600 ms CreateObjectMapping: 0.171200 ms MarkObjects: 3.707100 ms  DeleteObjects: 0.029900 ms)

========================================================================
Received Import Request.
  Time since last request: 796.370548 seconds.
  path: Assets/player/jump_09.wav
  artifactKey: Guid(0e25981fb747ea84b8e3053e7fd39ab8) Importer(815301076,1909f56bfc062723c751e8b465ee728b)
Start importing Assets/player/jump_09.wav using Guid(0e25981fb747ea84b8e3053e7fd39ab8) Importer(815301076,1909f56bfc062723c751e8b465ee728b)  -> (artifact id: '070c999d006d81edd1abc93b7764c7a3') in 0.113735 seconds
  Import took 0.120721 seconds .

AssetImportWorkerClient::OnTransportError - code=2 error=End of file
